0 info it worked if it ends with ok
1 verbose cli [ 'C:\\Program Files\\nodejs\\node.exe',
1 verbose cli   'C:\\Program Files\\nodejs\\node_modules\\npm\\bin\\npm-cli.js',
1 verbose cli   'run',
1 verbose cli   'server' ]
2 info using npm@3.10.10
3 info using node@v6.10.2
4 verbose run-script [ 'preserver', 'server', 'postserver' ]
5 info lifecycle proyectoNodejs@1.0.0~preserver: proyectoNodejs@1.0.0
6 silly lifecycle proyectoNodejs@1.0.0~preserver: no script for preserver, continuing
7 info lifecycle proyectoNodejs@1.0.0~server: proyectoNodejs@1.0.0
8 verbose lifecycle proyectoNodejs@1.0.0~server: unsafe-perm in lifecycle true
9 verbose lifecycle proyectoNodejs@1.0.0~server: PATH: C:\Users\TOSHIBA\AppData\Roaming\nvm\v6.10.2\node_modules\npm\bin\node-gyp-bin;C:\Users\TOSHIBA\Documents\proyectoNodejs\node_modules\.bin;C:\oraclexe\app\oracle\product\11.2.0\server\bin;C:\ProgramData\Oracle\Java\javapath;C:\Program Files (x86)\NVIDIA Corporation\PhysX\Common;C:\Program Files\Common Files\Microsoft Shared\Windows Live;C:\Program Files (x86)\Common Files\Microsoft Shared\Windows Live;C:\windows\system32;C:\Program Files (x86)\Rational\Common;C:\windows;C:\windows\System32\Wbem;C:\Program Files (x86)\Skype\Phone\;C:\Program Files\Git\cmd;C:\Users\TOSHIBA\AppData\Roaming\nvm;C:\Program Files\nodejs;C:\Users\TOSHIBA\AppData\Roaming\nvm;C:\AppServ\Apache24\bin;C:\AppServ\Apache24\bin;C:\AppServ\php5;C:\Users\TOSHIBA\AppData\Roaming\npm;C:\Users\TOSHIBA\AppData\Roaming\nvm;C:\Program Files\nodejs
10 verbose lifecycle proyectoNodejs@1.0.0~server: CWD: C:\Users\TOSHIBA\Documents\proyectoNodejs
11 silly lifecycle proyectoNodejs@1.0.0~server: Args: [ '/d /s /c', 'nodemon index.js' ]
12 verbose stack Error: kill ENOSYS
12 verbose stack     at exports._errnoException (util.js:1018:11)
12 verbose stack     at process.kill (internal/process.js:190:13)
12 verbose stack     at process.listener (C:\Users\TOSHIBA\AppData\Roaming\nvm\v6.10.2\node_modules\npm\node_modules\npmlog\node_modules\gauge\node_modules\signal-exit\index.js:86:15)
12 verbose stack     at emitNone (events.js:91:20)
12 verbose stack     at process.emit (events.js:185:7)
12 verbose stack     at processEmit (C:\Users\TOSHIBA\AppData\Roaming\nvm\v6.10.2\node_modules\npm\node_modules\npmlog\node_modules\gauge\node_modules\signal-exit\index.js:146:32)
12 verbose stack     at processEmit (C:\Users\TOSHIBA\AppData\Roaming\nvm\v6.10.2\node_modules\npm\node_modules\npm-registry-client\node_modules\npmlog\node_modules\gauge\node_modules\signal-exit\index.js:146:32)
12 verbose stack     at Signal.wrap.onsignal (internal/process.js:217:44)
13 verbose cwd C:\Users\TOSHIBA\Documents\proyectoNodejs
14 error Windows_NT 6.1.7601
15 error argv "C:\\Program Files\\nodejs\\node.exe" "C:\\Program Files\\nodejs\\node_modules\\npm\\bin\\npm-cli.js" "run" "server"
16 error node v6.10.2
17 error npm  v3.10.10
18 error code ENOSYS
19 error errno ENOSYS
20 error syscall kill
21 error kill ENOSYS
22 error If you need help, you may report this error at:
22 error     <https://github.com/npm/npm/issues>
23 verbose exit [ 1, true ]
